0 info it worked if it ends with ok
1 verbose cli [ '/home/akela/.local/install/node/bin/node',
1 verbose cli   '/usr/local/bin/npm',
1 verbose cli   'run',
1 verbose cli   'dev' ]
2 info using npm@3.10.2
3 info using node@v4.4.4
4 verbose config Skipping project config: /home/akela/.npmrc. (matches userconfig)
5 verbose stack Error: ENOENT: no such file or directory, open '/home/akela/package.json'
5 verbose stack     at Error (native)
6 verbose cwd /home/akela/CSBM/CSBM-master
7 error Linux 4.2.0-42-generic
8 error argv "/home/akela/.local/install/node/bin/node" "/usr/local/bin/npm" "run" "dev"
9 error node v4.4.4
10 error npm  v3.10.2
11 error path /home/akela/package.json
12 error code ENOENT
13 error errno -2
14 error syscall open
15 error enoent ENOENT: no such file or directory, open '/home/akela/package.json'
16 error enoent ENOENT: no such file or directory, open '/home/akela/package.json'
16 error enoent This is most likely not a problem with npm itself
16 error enoent and is related to npm not being able to find a file.
17 verbose exit [ -2, true ]
