0 info it worked if it ends with ok
1 verbose cli [ '/home/ubuntu/.nvm/v6.2.0/bin/node',
1 verbose cli   '/home/ubuntu/.nvm/v6.2.0/bin/npm',
1 verbose cli   'run',
1 verbose cli   'build' ]
2 info using npm@3.10.2
3 info using node@v6.2.0
4 verbose run-script [ 'prebuild', 'build', 'postbuild' ]
5 info lifecycle parse-server@2.2.13~prebuild: parse-server@2.2.13
6 silly lifecycle parse-server@2.2.13~prebuild: no script for prebuild, continuing
7 info lifecycle parse-server@2.2.13~build: parse-server@2.2.13
8 verbose lifecycle parse-server@2.2.13~build: unsafe-perm in lifecycle true
9 verbose lifecycle parse-server@2.2.13~build: PATH: /home/ubuntu/.nvm/v6.2.0/lib/node_modules/npm/bin/node-gyp-bin:/home/ubuntu/Desktop/Server/Masamune/parse-server/node_modules/.bin:/home/ubuntu/.nvm/v6.2.0/bin:/home/ubuntu/.nvm/v6.2.0/bin:/usr/local/sbin:/usr/local/bin:/usr/sbin:/usr/bin:/sbin:/bin:/usr/games:/usr/local/games
10 verbose lifecycle parse-server@2.2.13~build: CWD: /home/ubuntu/Desktop/Server/Masamune/parse-server
11 silly lifecycle parse-server@2.2.13~build: Args: [ '-c', 'babel src/ -d lib/' ]
12 silly lifecycle parse-server@2.2.13~build: Returned: code: 1  signal: null
13 info lifecycle parse-server@2.2.13~build: Failed to exec build script
14 verbose stack Error: parse-server@2.2.13 build: `babel src/ -d lib/`
14 verbose stack Exit status 1
14 verbose stack     at EventEmitter.<anonymous> (/home/ubuntu/.nvm/v6.2.0/lib/node_modules/npm/lib/utils/lifecycle.js:242:16)
14 verbose stack     at emitTwo (events.js:106:13)
14 verbose stack     at EventEmitter.emit (events.js:191:7)
14 verbose stack     at ChildProcess.<anonymous> (/home/ubuntu/.nvm/v6.2.0/lib/node_modules/npm/lib/utils/spawn.js:40:14)
14 verbose stack     at emitTwo (events.js:106:13)
14 verbose stack     at ChildProcess.emit (events.js:191:7)
14 verbose stack     at maybeClose (internal/child_process.js:850:16)
14 verbose stack     at Process.ChildProcess._handle.onexit (internal/child_process.js:215:5)
15 verbose pkgid parse-server@2.2.13
16 verbose cwd /home/ubuntu/Desktop/Server/Masamune/parse-server
17 error Linux 4.2.0-27-generic
18 error argv "/home/ubuntu/.nvm/v6.2.0/bin/node" "/home/ubuntu/.nvm/v6.2.0/bin/npm" "run" "build"
19 error node v6.2.0
20 error npm  v3.10.2
21 error code ELIFECYCLE
22 error parse-server@2.2.13 build: `babel src/ -d lib/`
22 error Exit status 1
23 error Failed at the parse-server@2.2.13 build script 'babel src/ -d lib/'.
23 error Make sure you have the latest version of node.js and npm installed.
23 error If you do, this is most likely a problem with the parse-server package,
23 error not with npm itself.
23 error Tell the author that this fails on your system:
23 error     babel src/ -d lib/
23 error You can get information on how to open an issue for this project with:
23 error     npm bugs parse-server
23 error Or if that isn't available, you can get their info via:
23 error     npm owner ls parse-server
23 error There is likely additional logging output above.
24 verbose exit [ 1, true ]
